<?xml version="1.0" encoding="UTF-8"?>
<!-- Generated by org.testng.reporters.JUnitXMLReporter -->
<testsuite ignored="0" hostname="TPSYS509" failures="0" tests="3" name="Default test" time="22.555" errors="0" timestamp="2023-01-12T17:27:01 IST">
  <testcase classname="TestCases.CreateSecondaryOrder" name="createSecondaryOrder" time="13.468"/>
  <testcase classname="TestCases.CreateSecondaryOrder" name="invoicePrintGST" time="1.626"/>
  <testcase classname="TestCases.CreateSecondaryOrder" name="holdtheOrder" time="7.414"/>
</testsuite> <!-- Default test -->
