<?xml version="1.0" encoding="UTF-8"?>
<!-- Generated by org.testng.reporters.JUnitXMLReporter -->
<testsuite ignored="0" hostname="TPSYS509" failures="2" tests="7" name="Duplicate Retailers Merge" time="46.668" errors="0" timestamp="2023-01-10T21:13:31 IST">
  <testcase classname="TestCases.DuplicateRetailersMerge" name="LoginasSO" time="4.441"/>
  <testcase classname="TestCases.DuplicateRetailersMerge" name="MergeDuplicateRetailer1" time="5.285">
    <failure type="org.openqa.selenium.TimeoutException" message="Expected condition failed: waiting for visibility of Proxy element for: DefaultElementLocator &amp;apos;By.xpath: //div[@id=&amp;apos;RetailerMergePopup&amp;apos;]//div[@class=&amp;apos;modal-content&amp;apos;]&amp;apos; (tried for 5 second(s) with 500 milliseconds interval)">
      <![CDATA[org.openqa.selenium.TimeoutException: Expected condition failed: waiting for visibility of Proxy element for: DefaultElementLocator 'By.xpath: //div[@id='RetailerMergePopup']//div[@class='modal-content']' (tried for 5 second(s) with 500 milliseconds interval)
at org.openqa.selenium.support.ui.WebDriverWait.timeoutException(WebDriverWait.java:87)
at org.openqa.selenium.support.ui.FluentWait.until(FluentWait.java:231)
at AbstractComponents.Abstractcomponents.waitForAnElementToAppear(Abstractcomponents.java:26)
at PageObjects.DuplicateRetailerMergePage.MergeRetailer1details(DuplicateRetailerMergePage.java:151)
at TestCases.DuplicateRetailersMerge.MergeDuplicateRetailer1(DuplicateRetailersMerge.java:86)
at java.base/java.util.ArrayList.forEach(ArrayList.java:1511)
Caused by: org.openqa.selenium.NoSuchElementException: no such element: Unable to locate element: {"method":"xpath","selector":"//div[@id='RetailerMergePopup']//div[@class='modal-content']"}
  (Session info: chrome=108.0.5359.125)
For documentation on this error, please visit: https://selenium.dev/exceptions/#no_such_element
Build info: version: '4.6.0', revision: '79f1c02ae20'
System info: os.name: 'Windows 10', os.arch: 'amd64', os.version: '10.0', java.version: '17.0.1'
Driver info: org.openqa.selenium.chrome.ChromeDriver
Command: [aad0eb751ec17c9f440631749a367c00, findElement {using=xpath, value=//div[@id='RetailerMergePopup']//div[@class='modal-content']}]
Capabilities {acceptInsecureCerts: false, browserName: chrome, browserVersion: 108.0.5359.125, chrome: {chromedriverVersion: 108.0.5359.71 (1e0e3868ee06..., userDataDir: C:\Users\TP_USER\AppData\Lo...}, goog:chromeOptions: {debuggerAddress: localhost:49864}, networkConnectionEnabled: false, pageLoadStrategy: normal, platformName: WINDOWS, proxy: Proxy(), se:cdp: ws://localhost:49864/devtoo..., se:cdpVersion: 108.0.5359.125, setWindowRect: true, strictFileInteractability: false, timeouts: {implicit: 0, pageLoad: 300000, script: 30000}, unhandledPromptBehavior: dismiss and notify, webauthn:extension:credBlob: true, webauthn:extension:largeBlob: true, webauthn:virtualAuthenticators: true}
Session ID: aad0eb751ec17c9f440631749a367c00
at org.openqa.selenium.remote.codec.w3c.W3CHttpResponseCodec.createException(W3CHttpResponseCodec.java:200)
at org.openqa.selenium.remote.codec.w3c.W3CHttpResponseCodec.decode(W3CHttpResponseCodec.java:133)
at org.openqa.selenium.remote.codec.w3c.W3CHttpResponseCodec.decode(W3CHttpResponseCodec.java:53)
at org.openqa.selenium.remote.HttpCommandExecutor.execute(HttpCommandExecutor.java:184)
at org.openqa.selenium.remote.service.DriverCommandExecutor.invokeExecute(DriverCommandExecutor.java:167)
at org.openqa.selenium.remote.service.DriverCommandExecutor.execute(DriverCommandExecutor.java:142)
at org.openqa.selenium.remote.RemoteWebDriver.execute(RemoteWebDriver.java:541)
at org.openqa.selenium.remote.ElementLocation$ElementFinder$2.findElement(ElementLocation.java:162)
at org.openqa.selenium.remote.ElementLocation.findElement(ElementLocation.java:60)
at org.openqa.selenium.remote.RemoteWebDriver.findElement(RemoteWebDriver.java:365)
at org.openqa.selenium.remote.RemoteWebDriver.findElement(RemoteWebDriver.java:357)
at org.openqa.selenium.support.pagefactory.DefaultElementLocator.findElement(DefaultElementLocator.java:70)
at org.openqa.selenium.support.pagefactory.internal.LocatingElementHandler.invoke(LocatingElementHandler.java:39)
at jdk.proxy2/jdk.proxy2.$Proxy14.isDisplayed(Unknown Source)
at org.openqa.selenium.support.ui.ExpectedConditions.elementIfVisible(ExpectedConditions.java:307)
at org.openqa.selenium.support.ui.ExpectedConditions.access$000(ExpectedConditions.java:40)
at org.openqa.selenium.support.ui.ExpectedConditions$10.apply(ExpectedConditions.java:293)
at org.openqa.selenium.support.ui.ExpectedConditions$10.apply(ExpectedConditions.java:290)
at org.openqa.selenium.support.ui.FluentWait.until(FluentWait.java:208)
... 31 more
... Removed 32 stack frames]]>
    </failure>
  </testcase> <!-- MergeDuplicateRetailer1 -->
  <testcase classname="TestCases.DuplicateRetailersMerge" name="OpenduplicateRetailerMergePage" time="6.947"/>
  <testcase classname="TestCases.DuplicateRetailersMerge" name="SearchuplicateRetailersList" time="10.147"/>
  <testcase classname="TestCases.DuplicateRetailersMerge" name="duplicateRetailersListDisplay" time="0.032"/>
  <testcase classname="TestCases.DuplicateRetailersMerge" name="searchUnVerifiedRetailers" time="10.348"/>
  <testcase classname="TestCases.DuplicateRetailersMerge" name="selectRetailertoEditasDuplicateRetailer" time="9.405">
    <failure type="org.openqa.selenium.ElementClickInterceptedException" message="element click intercepted: Element &amp;lt;a class=&amp;quot;btn btn-sm Edit&amp;quot; retailer1=&amp;quot;RT01193429&amp;quot; retailer2=&amp;quot;RT01193371&amp;quot; distributorcode=&amp;quot;701895&amp;quot;&amp;gt;...&amp;lt;/a&amp;gt; is not clickable at point (35, 471). Other element would receive the click: &amp;lt;div id=&amp;quot;RetailerMergePopup&amp;quot; class=&amp;quot;modal fade in&amp;quot; role=&amp;quot;dialog&amp;quot; data-backdrop=&amp;quot;static&amp;quot; data-keyboard=&amp;quot;false&amp;quot; style=&amp;quot;display: block;&amp;quot;&amp;gt;...&amp;lt;/div&amp;gt;
  (Session info: chrome=108.0.5359.125)
Build info: version: &amp;apos;4.6.0&amp;apos;, revision: &amp;apos;79f1c02ae20&amp;apos;
System info: os.name: &amp;apos;Windows 10&amp;apos;, os.arch: &amp;apos;amd64&amp;apos;, os.version: &amp;apos;10.0&amp;apos;, java.version: &amp;apos;17.0.1&amp;apos;
Driver info: org.openqa.selenium.chrome.ChromeDriver
Command: [aad0eb751ec17c9f440631749a367c00, clickElement {id=2becce90-30d6-4d1d-b64c-3d16d3e87e80}]
Capabilities {acceptInsecureCerts: false, browserName: chrome, browserVersion: 108.0.5359.125, chrome: {chromedriverVersion: 108.0.5359.71 (1e0e3868ee06..., userDataDir: C:\Users\TP_USER\AppData\Lo...}, goog:chromeOptions: {debuggerAddress: localhost:49864}, networkConnectionEnabled: false, pageLoadStrategy: normal, platformName: WINDOWS, proxy: Proxy(), se:cdp: ws://localhost:49864/devtoo..., se:cdpVersion: 108.0.5359.125, setWindowRect: true, strictFileInteractability: false, timeouts: {implicit: 0, pageLoad: 300000, script: 30000}, unhandledPromptBehavior: dismiss and notify, webauthn:extension:credBlob: true, webauthn:extension:largeBlob: true, webauthn:virtualAuthenticators: true}
Element: [[ChromeDriver: chrome on WINDOWS (aad0eb751ec17c9f440631749a367c00)] -&amp;gt; xpath: //tbody/tr/td[1]/div[1]/a[1]]
Session ID: aad0eb751ec17c9f440631749a367c00">
      <![CDATA[org.openqa.selenium.ElementClickInterceptedException: element click intercepted: Element <a class="btn btn-sm Edit" retailer1="RT01193429" retailer2="RT01193371" distributorcode="701895">...</a> is not clickable at point (35, 471). Other element would receive the click: <div id="RetailerMergePopup" class="modal fade in" role="dialog" data-backdrop="static" data-keyboard="false" style="display: block;">...</div>
  (Session info: chrome=108.0.5359.125)
Build info: version: '4.6.0', revision: '79f1c02ae20'
System info: os.name: 'Windows 10', os.arch: 'amd64', os.version: '10.0', java.version: '17.0.1'
Driver info: org.openqa.selenium.chrome.ChromeDriver
Command: [aad0eb751ec17c9f440631749a367c00, clickElement {id=2becce90-30d6-4d1d-b64c-3d16d3e87e80}]
Capabilities {acceptInsecureCerts: false, browserName: chrome, browserVersion: 108.0.5359.125, chrome: {chromedriverVersion: 108.0.5359.71 (1e0e3868ee06..., userDataDir: C:\Users\TP_USER\AppData\Lo...}, goog:chromeOptions: {debuggerAddress: localhost:49864}, networkConnectionEnabled: false, pageLoadStrategy: normal, platformName: WINDOWS, proxy: Proxy(), se:cdp: ws://localhost:49864/devtoo..., se:cdpVersion: 108.0.5359.125, setWindowRect: true, strictFileInteractability: false, timeouts: {implicit: 0, pageLoad: 300000, script: 30000}, unhandledPromptBehavior: dismiss and notify, webauthn:extension:credBlob: true, webauthn:extension:largeBlob: true, webauthn:virtualAuthenticators: true}
Element: [[ChromeDriver: chrome on WINDOWS (aad0eb751ec17c9f440631749a367c00)] -> xpath: //tbody/tr/td[1]/div[1]/a[1]]
Session ID: aad0eb751ec17c9f440631749a367c00
at org.openqa.selenium.remote.codec.w3c.W3CHttpResponseCodec.createException(W3CHttpResponseCodec.java:200)
at org.openqa.selenium.remote.codec.w3c.W3CHttpResponseCodec.decode(W3CHttpResponseCodec.java:133)
at org.openqa.selenium.remote.codec.w3c.W3CHttpResponseCodec.decode(W3CHttpResponseCodec.java:53)
at org.openqa.selenium.remote.HttpCommandExecutor.execute(HttpCommandExecutor.java:184)
at org.openqa.selenium.remote.service.DriverCommandExecutor.invokeExecute(DriverCommandExecutor.java:167)
at org.openqa.selenium.remote.service.DriverCommandExecutor.execute(DriverCommandExecutor.java:142)
at org.openqa.selenium.remote.RemoteWebDriver.execute(RemoteWebDriver.java:541)
at org.openqa.selenium.remote.RemoteWebElement.execute(RemoteWebElement.java:257)
at org.openqa.selenium.remote.RemoteWebElement.click(RemoteWebElement.java:78)
at PageObjects.DuplicateRetailerMergePage.EditDuplicateRetailer(DuplicateRetailerMergePage.java:120)
at TestCases.DuplicateRetailersMerge.selectRetailertoEditasDuplicateRetailer(DuplicateRetailersMerge.java:76)
at java.base/java.util.ArrayList.forEach(ArrayList.java:1511)
... Removed 32 stack frames]]>
    </failure>
  </testcase> <!-- selectRetailertoEditasDuplicateRetailer -->
</testsuite> <!-- Duplicate Retailers Merge -->
