<?xml version="1.0" encoding="UTF-8"?>
<!-- Generated by org.testng.reporters.JUnitXMLReporter -->
<testsuite ignored="0" hostname="TPSYS509" failures="0" tests="4" name="Login Tests" time="21.273" errors="0" timestamp="2023-01-10T15:40:44 IST">
  <testcase classname="TestCases.DuplicateRetailersMerge" name="LoginasSO" time="4.123"/>
  <testcase classname="TestCases.DuplicateRetailersMerge" name="OpenduplicateRetailerMergePage" time="6.69"/>
  <testcase classname="TestCases.DuplicateRetailersMerge" name="SearchuplicateRetailersList" time="10.37"/>
  <testcase classname="TestCases.DuplicateRetailersMerge" name="duplicateRetailersListDisplay" time="0.049"/>
</testsuite> <!-- Login Tests -->
