<?xml version="1.0" encoding="UTF-8"?>
<!-- Generated by org.testng.reporters.JUnitXMLReporter -->
<testsuite ignored="0" hostname="TPSYS509" failures="0" tests="3" name="Primary Order" time="27.343" errors="0" timestamp="2022-11-21T12:44:16 IST">
  <testcase classname="TestCases.Login" name="verifyloginwithInValidCreds" time="18.743"/>
  <testcase classname="TestCases.Login" name="verifyloginwithValidCreds" time="4.258"/>
  <testcase classname="TestCases.Claims" name="addExpense" time="4.309"/>
</testsuite> <!-- Primary Order -->
